[debug] [2025-01-28T18:30:12.723Z] ----------------------------------------------------------------------
[debug] [2025-01-28T18:30:12.727Z] Command:       C:\Program Files\nodejs\node.exe C:\Users\SAI PRAVEEN\AppData\Roaming\npm\node_modules\firebase-tools\lib\bin\firebase.js init
[debug] [2025-01-28T18:30:12.728Z] CLI Version:   13.29.2
[debug] [2025-01-28T18:30:12.728Z] Platform:      win32
[debug] [2025-01-28T18:30:12.728Z] Node Version:  v22.7.0
[debug] [2025-01-28T18:30:12.729Z] Time:          Wed Jan 29 2025 00:00:12 GMT+0530 (India Standard Time)
[debug] [2025-01-28T18:30:12.729Z] ----------------------------------------------------------------------
[debug] 
[debug] [2025-01-28T18:30:13.109Z] > command requires scopes: ["email","openid","https://www.googleapis.com/auth/cloudplatformprojects.readonly","https://www.googleapis.com/auth/firebase","https://www.googleapis.com/auth/cloud-platform"]
[debug] [2025-01-28T18:30:13.110Z] > authorizing via signed-in user (saipraveenthandra99@gmail.com)
[info] 
     ######## #### ########  ######## ########     ###     ######  ########
     ##        ##  ##     ## ##       ##     ##  ##   ##  ##       ##
     ######    ##  ########  ######   ########  #########  ######  ######
     ##        ##  ##    ##  ##       ##     ## ##     ##       ## ##
     ##       #### ##     ## ######## ########  ##     ##  ######  ########

You're about to initialize a Firebase project in this directory:

  C:\Users\SAI PRAVEEN\OneDrive\Desktop\my-app2

Before we get started, keep in mind:

  * You are initializing within an existing Firebase project directory

